2025-11-27 21:32:13 info: Found 2 style definitions
2025-11-27 21:32:13 info: Document has 2 total nodes, 0 nodes have styles defined
2025-11-27 21:32:13 info: Finished traversing document tree
2025-11-27 21:32:13 info: Styles with extracted values: 0 out of 2
2025-11-27 21:32:13 info: No style values found in document, attempting to fetch style nodes directly...
2025-11-27 21:32:13 info: File key being passed: 'pydgxd4PJjEzcuwnRvXviK'
2025-11-27 21:32:13 info: fetchStyleNodesDirectly called with fileKey: pydgxd4PJjEzcuwnRvXviK
2025-11-27 21:32:13 info: Style IDs to fetch: 1:5, 1:6
2025-11-27 21:32:13 info: Fetching style nodes from URL: https://api.figma.com/v1/files/pydgxd4PJjEzcuwnRvXviK/nodes?ids=1%3A5,1%3A6
2025-11-27 21:32:15 info: Response status: 200
2025-11-27 21:32:15 debug: Nodes API response: {"name":"Untitled","lastModified":"2025-11-27T21:26:12Z","thumbnailUrl":"https:\/\/s3-alpha.figma.com\/thumbnails\/c358d006-ce8e-41d2-b7f1-35e838eba7fb?X-Amz-Algorithm=AWS4-HMAC-SHA256&X-Amz-Credential=AKIAQ4GOSFWCW22YBZNM%2F20251127%2Fus-west-2%2Fs3%2Faws4_request&X-Amz-Date=20251127T000000Z&X-Amz-Expires=604800&X-Amz-SignedHeaders=host&X-Amz-Signature=6e79a738122d4b643d82b2b0a7e463df655aa33e08ece7be94096c5210328372","version":"2291214436536407006","role":"owner","editorType":"figma","linkAccess":"view","nodes":{"1:5":{"document":{"id":"1:5","name":"Tahoma","type":"TEXT","scrollBehavior":"SCROLLS","blendMode":"PASS_THROUGH","fills":[{"blendMode":"NORMAL","type":"SOLID","color":{"r":0,"g":0,"b":0,"a":1}}],"strokes":[],"strokeWeight":0,"strokeAlign":"INSIDE","absoluteBoundingBox":{"x":0,"y":0,"width":16,"height":15},"absoluteRenderBounds":{"x":0,"y":3.2727270126342773,"width":15.421875,"height":11.318181991577148},"constraints":{"vertical":"TOP","horizontal":"LEFT"},"characters":"Ag","characterStyleOverrides":[],"styleOverrideTable":[],"lineTypes":["NONE"],"lineIndentations":[0],"style":{"fontFamily":"Inter","fontPostScriptName":null,"fontStyle":"Regular","fontWeight":400,"textAutoResize":"WIDTH_AND_HEIGHT","textDecoration":"STRIKETHROUGH","fontSize":12,"textAlignHorizontal":"LEFT","textAlignVertical":"TOP","letterSpacing":0,"lineHeightPx":14.522727012634277,"lineHeightPercent":100,"lineHeightUnit":"INTRINSIC_%"},"layoutVersion":5,"effects":[],"interactions":[]},"components":[],"componentSets":[],"schemaVersion":0,"styles":[]},"1:6":{"document":{"id":"1:6","name":"BG","type":"RECTANGLE","scrollBehavior":"SCROLLS","blendMode":"PASS_THROUGH","fills":[{"blendMode":"NORMAL","type":"SOLID","color":{"r":0.8509804010391235,"g":0.8509804010391235,"b":0.8509804010391235,"a":1}},{"opacity":0.20000000298023224,"blendMode":"NORMAL","type":"SOLID","color":{"r":0,"g":0,"b":0,"a":1}}],"strokes":[],"strokeWeight":1,"strokeAlign":"INSIDE","absoluteBoundingBox":{"x":0,"y":0,"width":100,"height":100},"absoluteRenderBounds":{"x":0,"y":0,"width":100,"height":100},"constraints":{"vertical":"TOP","horizontal":"LEFT"},"effects":[],"interactions":[]},"components":[],"componentSets":[],"schemaVersion":0,"styles":[]}}}
2025-11-27 21:32:15 info: Received data for 2 style nodes
2025-11-27 21:32:15 debug: Processing node ID: 1:5
2025-11-27 21:32:15 debug: Node data for Tahoma: {"id":"1:5","name":"Tahoma","type":"TEXT","scrollBehavior":"SCROLLS","blendMode":"PASS_THROUGH","fills":[{"blendMode":"NORMAL","type":"SOLID","color":{"r":0,"g":0,"b":0,"a":1}}],"strokes":[],"strokeWeight":0,"strokeAlign":"INSIDE","absoluteBoundingBox":{"x":0,"y":0,"width":16,"height":15},"absoluteRenderBounds":{"x":0,"y":3.2727270126342773,"width":15.421875,"height":11.318181991577148},"constraints":{"vertical":"TOP","horizontal":"LEFT"},"characters":"Ag","characterStyleOverrides":[],"styleOverrideTable":[],"lineTypes":["NONE"],"lineIndentations":[0],"style":{"fontFamily":"Inter","fontPostScriptName":null,"fontStyle":"Regular","fontWeight":400,"textAutoResize":"WIDTH_AND_HEIGHT","textDecoration":"STRIKETHROUGH","fontSize":12,"textAlignHorizontal":"LEFT","textAlignVertical":"TOP","letterSpacing":0,"lineHeightPx":14.522727012634277,"lineHeightPercent":100,"lineHeightUnit":"INTRINSIC_%"},"layoutVersion":5,"effects":[],"interactions":[]}
2025-11-27 21:32:15 info: ✓ Extracted text style for: Tahoma
2025-11-27 21:32:15 debug: Processing node ID: 1:6
2025-11-27 21:32:15 debug: Node data for BG: {"id":"1:6","name":"BG","type":"RECTANGLE","scrollBehavior":"SCROLLS","blendMode":"PASS_THROUGH","fills":[{"blendMode":"NORMAL","type":"SOLID","color":{"r":0.8509804010391235,"g":0.8509804010391235,"b":0.8509804010391235,"a":1}},{"opacity":0.20000000298023224,"blendMode":"NORMAL","type":"SOLID","color":{"r":0,"g":0,"b":0,"a":1}}],"strokes":[],"strokeWeight":1,"strokeAlign":"INSIDE","absoluteBoundingBox":{"x":0,"y":0,"width":100,"height":100},"absoluteRenderBounds":{"x":0,"y":0,"width":100,"height":100},"constraints":{"vertical":"TOP","horizontal":"LEFT"},"effects":[],"interactions":[]}
2025-11-27 21:32:15 info: ✓ Extracted color for style: BG
2025-11-27 21:32:15 debug: Saving style 'Tahoma': color=NO, textStyle=YES, fills=NO
2025-11-27 21:32:15 debug: Saving style 'BG': color=YES, textStyle=NO, fills=YES
2025-11-27 21:32:15 info: Saving 2 variables to database
2025-11-27 21:40:51 info: Saving 4 variables to database
2025-11-27 21:44:33 info: Saving 4 variables to database
